<?xml version="1.0" encoding="UTF-8"?>
<testng-results ignored="0" total="5" passed="1" failed="4" skipped="0">
  <reporter-output>
  </reporter-output>
  <suite started-at="2025-09-01T01:59:55 PDT" name="Default suite" finished-at="2025-09-01T02:00:32 PDT" duration-ms="37347">
    <groups>
      <group name="cucumber">
        <method signature="AbstractTestNGCucumberTests.runScenario(io.cucumber.testng.PickleWrapper,io.cucumber.testng.FeatureWrapper)[pri:0, instance:runners.RunnerClass@5aebe890]" name="runScenario" class="io.cucumber.testng.AbstractTestNGCucumberTests"/>
      </group> <!-- cucumber -->
    </groups>
    <test started-at="2025-09-01T01:59:55 PDT" name="Default test" finished-at="2025-09-01T02:00:32 PDT" duration-ms="37347">
      <class name="runners.RunnerClass">
        <test-method is-config="true" signature="setUpClass(org.testng.ITestContext)[pri:0, instance:runners.RunnerClass@5aebe890]" started-at="2025-09-01T01:59:55 PDT" name="setUpClass" finished-at="2025-09-01T01:59:56 PDT" duration-ms="1607" status="PASS">
          <params>
            <param index="0">
              <value>
                <![CDATA[org.testng.TestRunner@5a97b17c]]>
              </value>
            </param>
          </params>
          <reporter-output>
          </reporter-output>
        </test-method> <!-- setUpClass -->
        <test-method signature="runScenario(io.cucumber.testng.PickleWrapper,io.cucumber.testng.FeatureWrapper)[pri:0, instance:runners.RunnerClass@5aebe890]" started-at="2025-09-01T01:59:56 PDT" name="runScenario" description="Runs Cucumber Scenarios" data-provider="scenarios" finished-at="2025-09-01T02:00:12 PDT" duration-ms="15246" status="FAIL">
          <params>
            <param index="0">
              <value>
                <![CDATA["Register a user with valid details"]]>
              </value>
            </param>
            <param index="1">
              <value>
                <![CDATA["User registration or sign up"]]>
              </value>
            </param>
          </params>
          <exception class="junit.framework.ComparisonFailure">
            <message>
              <![CDATA[expected:<...on Exercise - Signup[]> but was:<...on Exercise - Signup[ / Login]>]]>
            </message>
            <full-stacktrace>
              <![CDATA[junit.framework.ComparisonFailure: expected:<...on Exercise - Signup[]> but was:<...on Exercise - Signup[ / Login]>
at junit.framework.Assert.assertEquals(Assert.java:100)
at junit.framework.Assert.assertEquals(Assert.java:107)
at stepDefinitions.registerStepDef.user_should_be_on_the_signup_page(registerStepDef.java:67)
at ✽.User should be on the Signup page(file:///C:/Users/Harsh/eclipse-workspace/BDDFramework/src/test/resources/features/a_register.feature:9)
]]>
            </full-stacktrace>
          </exception> <!-- junit.framework.ComparisonFailure -->
          <reporter-output>
          </reporter-output>
        </test-method> <!-- runScenario -->
        <test-method signature="runScenario(io.cucumber.testng.PickleWrapper,io.cucumber.testng.FeatureWrapper)[pri:0, instance:runners.RunnerClass@5aebe890]" started-at="2025-09-01T02:00:12 PDT" name="runScenario" description="Runs Cucumber Scenarios" data-provider="scenarios" finished-at="2025-09-01T02:00:18 PDT" duration-ms="6646" status="PASS">
          <params>
            <param index="0">
              <value>
                <![CDATA["User logins with invalid details"]]>
              </value>
            </param>
            <param index="1">
              <value>
                <![CDATA["Login Account functionality"]]>
              </value>
            </param>
          </params>
          <reporter-output>
          </reporter-output>
        </test-method> <!-- runScenario -->
        <test-method signature="runScenario(io.cucumber.testng.PickleWrapper,io.cucumber.testng.FeatureWrapper)[pri:0, instance:runners.RunnerClass@5aebe890]" started-at="2025-09-01T02:00:18 PDT" name="runScenario" description="Runs Cucumber Scenarios" data-provider="scenarios" finished-at="2025-09-01T02:00:22 PDT" duration-ms="3741" status="FAIL">
          <params>
            <param index="0">
              <value>
                <![CDATA["User logins with valid details successfully"]]>
              </value>
            </param>
            <param index="1">
              <value>
                <![CDATA["Login Account functionality"]]>
              </value>
            </param>
          </params>
          <exception class="junit.framework.ComparisonFailure">
            <message>
              <![CDATA[expected:<Automation Exercise[]> but was:<Automation Exercise[ - Signup / Login]>]]>
            </message>
            <full-stacktrace>
              <![CDATA[junit.framework.ComparisonFailure: expected:<Automation Exercise[]> but was:<Automation Exercise[ - Signup / Login]>
at junit.framework.Assert.assertEquals(Assert.java:100)
at junit.framework.Assert.assertEquals(Assert.java:107)
at stepDefinitions.loginStepDef.user_should_be_navigated_to_the_home_page(loginStepDef.java:52)
at ✽.User should be navigated to the homePage(file:///C:/Users/Harsh/eclipse-workspace/BDDFramework/src/test/resources/features/login.feature:19)
]]>
            </full-stacktrace>
          </exception> <!-- junit.framework.ComparisonFailure -->
          <reporter-output>
          </reporter-output>
        </test-method> <!-- runScenario -->
        <test-method signature="runScenario(io.cucumber.testng.PickleWrapper,io.cucumber.testng.FeatureWrapper)[pri:0, instance:runners.RunnerClass@5aebe890]" started-at="2025-09-01T02:00:22 PDT" name="runScenario" description="Runs Cucumber Scenarios" data-provider="scenarios" finished-at="2025-09-01T02:00:26 PDT" duration-ms="4337" status="FAIL">
          <params>
            <param index="0">
              <value>
                <![CDATA["User logout from the account created"]]>
              </value>
            </param>
            <param index="1">
              <value>
                <![CDATA["Delete Account functionality"]]>
              </value>
            </param>
          </params>
          <exception class="junit.framework.ComparisonFailure">
            <message>
              <![CDATA[expected:<Automation Exercise[]> but was:<Automation Exercise[ - Signup / Login]>]]>
            </message>
            <full-stacktrace>
              <![CDATA[junit.framework.ComparisonFailure: expected:<Automation Exercise[]> but was:<Automation Exercise[ - Signup / Login]>
at junit.framework.Assert.assertEquals(Assert.java:100)
at junit.framework.Assert.assertEquals(Assert.java:107)
at stepDefinitions.loginStepDef.user_should_be_navigated_to_the_home_page(loginStepDef.java:52)
at ✽.User should be navigated to the homePage(file:///C:/Users/Harsh/eclipse-workspace/BDDFramework/src/test/resources/features/logout_delete.feature:8)
]]>
            </full-stacktrace>
          </exception> <!-- junit.framework.ComparisonFailure -->
          <reporter-output>
          </reporter-output>
        </test-method> <!-- runScenario -->
        <test-method signature="runScenario(io.cucumber.testng.PickleWrapper,io.cucumber.testng.FeatureWrapper)[pri:0, instance:runners.RunnerClass@5aebe890]" started-at="2025-09-01T02:00:26 PDT" name="runScenario" description="Runs Cucumber Scenarios" data-provider="scenarios" finished-at="2025-09-01T02:00:31 PDT" duration-ms="4529" status="FAIL">
          <params>
            <param index="0">
              <value>
                <![CDATA["User deletes the account created"]]>
              </value>
            </param>
            <param index="1">
              <value>
                <![CDATA["Delete Account functionality"]]>
              </value>
            </param>
          </params>
          <exception class="junit.framework.ComparisonFailure">
            <message>
              <![CDATA[expected:<Automation Exercise[]> but was:<Automation Exercise[ - Signup / Login]>]]>
            </message>
            <full-stacktrace>
              <![CDATA[junit.framework.ComparisonFailure: expected:<Automation Exercise[]> but was:<Automation Exercise[ - Signup / Login]>
at junit.framework.Assert.assertEquals(Assert.java:100)
at junit.framework.Assert.assertEquals(Assert.java:107)
at stepDefinitions.loginStepDef.user_should_be_navigated_to_the_home_page(loginStepDef.java:52)
at ✽.User should be navigated to the homePage(file:///C:/Users/Harsh/eclipse-workspace/BDDFramework/src/test/resources/features/logout_delete.feature:8)
]]>
            </full-stacktrace>
          </exception> <!-- junit.framework.ComparisonFailure -->
          <reporter-output>
          </reporter-output>
        </test-method> <!-- runScenario -->
        <test-method is-config="true" signature="tearDownClass()[pri:0, instance:runners.RunnerClass@5aebe890]" started-at="2025-09-01T02:00:31 PDT" name="tearDownClass" finished-at="2025-09-01T02:00:32 PDT" duration-ms="1090" status="PASS">
          <reporter-output>
          </reporter-output>
        </test-method> <!-- tearDownClass -->
      </class> <!-- runners.RunnerClass -->
    </test> <!-- Default test -->
  </suite> <!-- Default suite -->
</testng-results>
